make --dry-run --always-make --keep-going --print-directory
make: Entering directory '/home/bubakulus/projects/prime17/src'
 
g++ -MT .o/main.o -MD -MP -MF .d/main.Td -std=c++17 -DNDEBUG -Wall -Wextra -pedantic -Wconversion -Wdeprecated-declarations -O3 -c -o .o/main.o main.cpp
mv -f .d/main.Td .d/main.d
g++ -MT .o/IsPrime.o -MD -MP -MF .d/IsPrime.Td -std=c++17 -DNDEBUG -Wall -Wextra -pedantic -Wconversion -Wdeprecated-declarations -O3 -c -o .o/IsPrime.o IsPrime.cpp
mv -f .d/IsPrime.Td .d/IsPrime.d
g++ -MT .o/PrimeTest.o -MD -MP -MF .d/PrimeTest.Td -std=c++17 -DNDEBUG -Wall -Wextra -pedantic -Wconversion -Wdeprecated-declarations -O3 -c -o .o/PrimeTest.o PrimeTest.cpp
mv -f .d/PrimeTest.Td .d/PrimeTest.d
g++ -MT .o/Li.o -MD -MP -MF .d/Li.Td -std=c++17 -DNDEBUG -Wall -Wextra -pedantic -Wconversion -Wdeprecated-declarations -O3 -c -o .o/Li.o Li.cpp
mv -f .d/Li.Td .d/Li.d
g++ -MT .o/BitRange.o -MD -MP -MF .d/BitRange.Td -std=c++17 -DNDEBUG -Wall -Wextra -pedantic -Wconversion -Wdeprecated-declarations -O3 -c -o .o/BitRange.o BitRange.cpp
mv -f .d/BitRange.Td .d/BitRange.d
g++ -MT .o/PrimesRange.o -MD -MP -MF .d/PrimesRange.Td -std=c++17 -DNDEBUG -Wall -Wextra -pedantic -Wconversion -Wdeprecated-declarations -O3 -c -o .o/PrimesRange.o PrimesRange.cpp
mv -f .d/PrimesRange.Td .d/PrimesRange.d
g++ -MT .o/PrimesRangeService.o -MD -MP -MF .d/PrimesRangeService.Td -std=c++17 -DNDEBUG -Wall -Wextra -pedantic -Wconversion -Wdeprecated-declarations -O3 -c -o .o/PrimesRangeService.o PrimesRangeService.cpp
mv -f .d/PrimesRangeService.Td .d/PrimesRangeService.d
g++ -MT .o/GeneratorFunction.o -MD -MP -MF .d/GeneratorFunction.Td -std=c++17 -DNDEBUG -Wall -Wextra -pedantic -Wconversion -Wdeprecated-declarations -O3 -c -o .o/GeneratorFunction.o GeneratorFunction.cpp
mv -f .d/GeneratorFunction.Td .d/GeneratorFunction.d
gcc -MT .o/mpz_aprcl.o -MD -MP -MF .d/mpz_aprcl.Td -std=c18 -DNDEBUG -Wall -Wextra -pedantic -Wconversion -Wdeprecated-declarations -O3 -c -o .o/mpz_aprcl.o mpz_aprcl.c
mv -f .d/mpz_aprcl.Td .d/mpz_aprcl.d
g++ -MT .o/SliceTBalance.o -MD -MP -MF .d/SliceTBalance.Td -std=c++17 -DNDEBUG -Wall -Wextra -pedantic -Wconversion -Wdeprecated-declarations -O3 -c -o .o/SliceTBalance.o SliceTBalance.cpp
mv -f .d/SliceTBalance.Td .d/SliceTBalance.d
g++ -MT .o/GeneratorFunctionBPSW.o -MD -MP -MF .d/GeneratorFunctionBPSW.Td -std=c++17 -DNDEBUG -Wall -Wextra -pedantic -Wconversion -Wdeprecated-declarations -O3 -c -o .o/GeneratorFunctionBPSW.o GeneratorFunctionBPSW.cpp
mv -f .d/GeneratorFunctionBPSW.Td .d/GeneratorFunctionBPSW.d
g++ -MT .o/GeneratorFunctionAPRCL.o -MD -MP -MF .d/GeneratorFunctionAPRCL.Td -std=c++17 -DNDEBUG -Wall -Wextra -pedantic -Wconversion -Wdeprecated-declarations -O3 -c -o .o/GeneratorFunctionAPRCL.o GeneratorFunctionAPRCL.cpp
mv -f .d/GeneratorFunctionAPRCL.Td .d/GeneratorFunctionAPRCL.d
g++ -MT .o/GeneratorFunctionMR.o -MD -MP -MF .d/GeneratorFunctionMR.Td -std=c++17 -DNDEBUG -Wall -Wextra -pedantic -Wconversion -Wdeprecated-declarations -O3 -c -o .o/GeneratorFunctionMR.o GeneratorFunctionMR.cpp
mv -f .d/GeneratorFunctionMR.Td .d/GeneratorFunctionMR.d
g++ -MT .o/GeneratorFunctionLS.o -MD -MP -MF .d/GeneratorFunctionLS.Td -std=c++17 -DNDEBUG -Wall -Wextra -pedantic -Wconversion -Wdeprecated-declarations -O3 -c -o .o/GeneratorFunctionLS.o GeneratorFunctionLS.cpp
mv -f .d/GeneratorFunctionLS.Td .d/GeneratorFunctionLS.d
g++ -MT .o/GeneratorFunctionLS_D.o -MD -MP -MF .d/GeneratorFunctionLS_D.Td -std=c++17 -DNDEBUG -Wall -Wextra -pedantic -Wconversion -Wdeprecated-declarations -O3 -c -o .o/GeneratorFunctionLS_D.o GeneratorFunctionLS_D.cpp
mv -f .d/GeneratorFunctionLS_D.Td .d/GeneratorFunctionLS_D.d
g++ -MT .o/GeneratorFunctionLS_DHistogram.o -MD -MP -MF .d/GeneratorFunctionLS_DHistogram.Td -std=c++17 -DNDEBUG -Wall -Wextra -pedantic -Wconversion -Wdeprecated-declarations -O3 -c -o .o/GeneratorFunctionLS_DHistogram.o GeneratorFunctionLS_DHistogram.cpp
mv -f .d/GeneratorFunctionLS_DHistogram.Td .d/GeneratorFunctionLS_DHistogram.d
g++ -MT .o/GeneratorFunctionPrimeCreator.o -MD -MP -MF .d/GeneratorFunctionPrimeCreator.Td -std=c++17 -DNDEBUG -Wall -Wextra -pedantic -Wconversion -Wdeprecated-declarations -O3 -c -o .o/GeneratorFunctionPrimeCreator.o GeneratorFunctionPrimeCreator.cpp
mv -f .d/GeneratorFunctionPrimeCreator.Td .d/GeneratorFunctionPrimeCreator.d
g++ -MT .o/GeneratorFunctionBPSW2.o -MD -MP -MF .d/GeneratorFunctionBPSW2.Td -std=c++17 -DNDEBUG -Wall -Wextra -pedantic -Wconversion -Wdeprecated-declarations -O3 -c -o .o/GeneratorFunctionBPSW2.o GeneratorFunctionBPSW2.cpp
mv -f .d/GeneratorFunctionBPSW2.Td .d/GeneratorFunctionBPSW2.d
g++ -MT .o/GeneratorFunctionBitStatistics.o -MD -MP -MF .d/GeneratorFunctionBitStatistics.Td -std=c++17 -DNDEBUG -Wall -Wextra -pedantic -Wconversion -Wdeprecated-declarations -O3 -c -o .o/GeneratorFunctionBitStatistics.o GeneratorFunctionBitStatistics.cpp
mv -f .d/GeneratorFunctionBitStatistics.Td .d/GeneratorFunctionBitStatistics.d
g++ -MT .o/GeneratorFunctionTT.o -MD -MP -MF .d/GeneratorFunctionTT.Td -std=c++17 -DNDEBUG -Wall -Wextra -pedantic -Wconversion -Wdeprecated-declarations -O3 -c -o .o/GeneratorFunctionTT.o GeneratorFunctionTT.cpp
mv -f .d/GeneratorFunctionTT.Td .d/GeneratorFunctionTT.d
g++ -MT .o/WebService.o -MD -MP -MF .d/WebService.Td -std=c++17 -DNDEBUG -Wall -Wextra -pedantic -Wconversion -Wdeprecated-declarations -O3 -c -o .o/WebService.o WebService.cpp
mv -f .d/WebService.Td .d/WebService.d
g++ -MT .o/utils_str.o -MD -MP -MF .d/utils_str.Td -std=c++17 -DNDEBUG -Wall -Wextra -pedantic -Wconversion -Wdeprecated-declarations -O3 -c -o .o/utils_str.o utils_str.cpp
mv -f .d/utils_str.Td .d/utils_str.d
g++ -MT .o/WebWork.o -MD -MP -MF .d/WebWork.Td -std=c++17 -DNDEBUG -Wall -Wextra -pedantic -Wconversion -Wdeprecated-declarations -O3 -c -o .o/WebWork.o WebWork.cpp
mv -f .d/WebWork.Td .d/WebWork.d
g++ -MT .o/utils.o -MD -MP -MF .d/utils.Td -std=c++17 -DNDEBUG -Wall -Wextra -pedantic -Wconversion -Wdeprecated-declarations -O3 -c -o .o/utils.o utils.cpp
mv -f .d/utils.Td .d/utils.d
g++ -MT .o/Binomials.o -MD -MP -MF .d/Binomials.Td -std=c++17 -DNDEBUG -Wall -Wextra -pedantic -Wconversion -Wdeprecated-declarations -O3 -c -o .o/Binomials.o Binomials.cpp
mv -f .d/Binomials.Td .d/Binomials.d
g++  -o ../bin/prime17 .o/main.o .o/IsPrime.o .o/PrimeTest.o .o/Li.o .o/BitRange.o .o/PrimesRange.o .o/PrimesRangeService.o .o/GeneratorFunction.o .o/mpz_aprcl.o .o/SliceTBalance.o .o/GeneratorFunctionBPSW.o .o/GeneratorFunctionAPRCL.o .o/GeneratorFunctionMR.o .o/GeneratorFunctionLS.o .o/GeneratorFunctionLS_D.o .o/GeneratorFunctionLS_DHistogram.o .o/GeneratorFunctionPrimeCreator.o .o/GeneratorFunctionBPSW2.o .o/GeneratorFunctionBitStatistics.o .o/GeneratorFunctionTT.o .o/WebService.o .o/utils_str.o .o/WebWork.o .o/utils.o .o/Binomials.o -lgmp -lgmpxx -lstdc++fs -lpthread -lcurl -ljsoncpp -lncurses  
echo ============================================================================= OK ======================================================================
make: Leaving directory '/home/bubakulus/projects/prime17/src'
 
