Version: 2021-11-21
Build: Release
__SIZEOF_LONG__: 8
GMP version: 6.2.0 GMP_LIMB_BITS: 64
Compiler: GNUC 9.3.0
ncurses version: ncurses 6.2.20200212
curl version: 7.68.0

Running check computation (better safe than sorry).
Started at: 2021-11-21 10:42:34
Bit statistics for power: 50
Begin (offset): 562 948 879 679 488
End   (offset): 562 951 027 163 136
Begin [%]:  49.999904633
End   [%]:  50.000095367
Sieve Prime: 23 Primorial: 223 092 870
Coprimes #: 36 495 360 Effectivity [%]: 16.3588
Sieve Begin: 1 688 848 786 522 112
Sieve End  : 1 688 850 934 005 760
End-Begin  : 2 147 483 648
Primorials skipped: 7 570 160
Multiple of primorial: 1 688 848 720 759 200 ...till Begin: 65 762 912
Using 100% CPU = spawning 16 threads out of 16 available logical CPUs.
0> Sieve duration: 65 s = 1.08333 m
9> Sieve duration: 73 s = 1.21667 m
6> Sieve duration: 75 s = 1.25 m
8> Sieve duration: 76 s = 1.26667 m
7> Sieve duration: 76 s = 1.26667 m
5> Sieve duration: 76 s = 1.26667 m
2> Sieve duration: 89 s = 1.48333 m
1> Sieve duration: 89 s = 1.48333 m
3> Sieve duration: 89 s = 1.48333 m
4> Sieve duration: 92 s = 1.53333 m
0> 0 + 4 487 377 = 4 487 377
1> 4 487 377 + 6 362 615 = 10 849 992
2> 10 849 992 + 6 364 358 = 17 214 350
3> 17 214 350 + 6 360 267 = 23 574 617
4> 23 574 617 + 6 360 862 = 29 935 479
5> 29 935 479 + 6 357 180 = 36 292 659
6> 36 292 659 + 6 361 796 = 42 654 455
7> 42 654 455 + 6 364 749 = 49 019 204
8> 49 019 204 + 6 361 560 = 55 380 764
9> 55 380 764 + 5 857 830 = 61 238 594
10> 61 238 594 + 0 = 61 238 594
11> 61 238 594 + 0 = 61 238 594
12> 61 238 594 + 0 = 61 238 594
13> 61 238 594 + 0 = 61 238 594
14> 61 238 594 + 0 = 61 238 594
15> 61 238 594 + 0 = 61 238 594
Primes: 61 238 594
Primes ratio (from interval):  2.852%
Primes ratio (after sieve)  : 17.432%
Multithreading Sieve Duration [m]: 1.60993
Duration [s]:       92.0 	~31.0% 
Checks passed ok. Long and heavy labor ahead :-)
Worker Checks passed

Started at: 2021-11-21 10:44:14
Bit statistics for power: 48
Begin (offset): 45 980 000 004 598
End   (offset): 45 990 000 004 598
Begin [%]:  16.335377497
End   [%]:  16.338930210
Sieve Begin: 327 454 976 715 254
Sieve End  : 327 464 976 715 254
End-Begin  : 10 000 000 000
Primorials skipped: 1 467 796
Multiple of primorial: 327 454 822 214 520 ...till Begin: 154 500 734
Using 100% CPU = spawning 16 threads out of 16 available logical CPUs.
5> Sieve duration: 256 s = 4.26667 m
4> Sieve duration: 257 s = 4.28333 m
0> Sieve duration: 287 s = 4.78333 m
6> Sieve duration: 314 s = 5.23333 m
12> Sieve duration: 356 s = 5.93333 m
15> Sieve duration: 356 s = 5.93333 m
9> Sieve duration: 356 s = 5.93333 m
10> Sieve duration: 356 s = 5.93333 m
11> Sieve duration: 357 s = 5.95 m
13> Sieve duration: 357 s = 5.95 m
7> Sieve duration: 358 s = 5.96667 m
3> Sieve duration: 358 s = 5.96667 m
14> Sieve duration: 358 s = 5.96667 m
2> Sieve duration: 359 s = 5.98333 m
8> Sieve duration: 359 s = 5.98333 m
1> Sieve duration: 360 s = 6 m
0> 0 + 15 403 610 = 15 403 610
1> 15 403 610 + 20 026 441 = 35 430 051
2> 35 430 051 + 20 025 466 = 55 455 517
3> 55 455 517 + 20 027 555 = 75 483 072
4> 75 483 072 + 13 349 853 = 88 832 925
5> 88 832 925 + 13 354 884 = 102 187 809
6> 102 187 809 + 16 800 871 = 118 988 680
7> 118 988 680 + 20 021 716 = 139 010 396
8> 139 010 396 + 20 028 047 = 159 038 443
9> 159 038 443 + 20 022 747 = 179 061 190
10> 179 061 190 + 20 023 813 = 199 085 003
11> 199 085 003 + 20 026 735 = 219 111 738
12> 219 111 738 + 20 032 543 = 239 144 281
13> 239 144 281 + 20 026 292 = 259 170 573
14> 259 170 573 + 20 024 686 = 279 195 259
15> 279 195 259 + 20 023 866 = 299 219 125
Primes: 299 219 125
Primes ratio (from interval):  2.992%
Primes ratio (after sieve)  : 18.291%
Multithreading Sieve Duration [m]: 6.00257
@new_work_id = 38880, @asking_worker_id = 95, @task_id = 1, @c_power2 = 48, @new_begin = 45980000004598,  Autocommit: OFF @new_end_to_update=NULL, @completed_id=1260 @completed_end_old=44670000004466 no new end  merit 1139 increased by 0.0035527136791557723

Started at: 2021-11-21 10:50:16
Bit statistics for power: 48
Begin (offset): 45 990 000 004 599
End   (offset): 46 000 000 004 599
Begin [%]:  16.338930210
End   [%]:  16.342482924
Sieve Begin: 327 464 976 715 255
Sieve End  : 327 474 976 715 255
End-Begin  : 10 000 000 000
Primorials skipped: 1 467 841
Multiple of primorial: 327 464 861 393 670 ...till Begin: 115 321 585
Using 100% CPU = spawning 16 threads out of 16 available logical CPUs.
